<?xml version="1.0" encoding="UTF-8"?>
<testsuite xmlns:xsi="http://www.w3.org/2001/XMLSchema-instance" xsi:noNamespaceSchemaLocation="https://maven.apache.org/surefire/maven-surefire-plugin/xsd/surefire-test-report.xsd" name="ru.javawebinar.topjava.service.usertest.UserJpaServiceTest" time="0.052" tests="9" errors="0" skipped="0" failures="0">
  <properties>
[...]
</properties>
  <testcase name="create" classname="ru.javawebinar.topjava.service.usertest.UserJpaServiceTest" time="0.006"/>
  <testcase name="delete" classname="ru.javawebinar.topjava.service.usertest.UserJpaServiceTest" time="0.005"/>
  <testcase name="getAll" classname="ru.javawebinar.topjava.service.usertest.UserJpaServiceTest" time="0.005"/>
  <testcase name="update" classname="ru.javawebinar.topjava.service.usertest.UserJpaServiceTest" time="0.009"/>
  <testcase name="getNotFound" classname="ru.javawebinar.topjava.service.usertest.UserJpaServiceTest" time="0.004"/>
  <testcase name="get" classname="ru.javawebinar.topjava.service.usertest.UserJpaServiceTest" time="0.004"/>
  <testcase name="deletedNotFound" classname="ru.javawebinar.topjava.service.usertest.UserJpaServiceTest" time="0.004"/>
  <testcase name="getByEmail" classname="ru.javawebinar.topjava.service.usertest.UserJpaServiceTest" time="0.006"/>
  <testcase name="duplicateMailCreate" classname="ru.javawebinar.topjava.service.usertest.UserJpaServiceTest" time="0.004"/>
</testsuite>